13:51:19.108 [main] INFO  testCases.TC_001_AccountRegistration - Provided Email 
13:51:19.180 [main] INFO  testCases.TC_001_AccountRegistration - Provided Telephone 
13:51:19.242 [main] INFO  testCases.TC_001_AccountRegistration - Provided Password 
13:51:19.296 [main] INFO  testCases.TC_001_AccountRegistration - Provided Confrmed Password 
13:51:19.342 [main] INFO  testCases.TC_001_AccountRegistration - Set Privacy Policy 
13:51:20.842 [main] INFO  testCases.TC_001_AccountRegistration - Clicked on Continue 
13:51:20.876 [main] INFO  testCases.TC_001_AccountRegistration - Account Registration Success 
13:51:20.878 [main] INFO  testCases.TC_001_AccountRegistration -  Finished TC_001_AccountRegistration 
13:51:22.874 [main] INFO  testCases.TC_002_Login -  Starting TC_002_Login 
13:51:23.671 [main] INFO  testCases.TC_002_Login - Home Page Displayed 
13:51:24.287 [main] INFO  testCases.TC_002_Login - Clicked on My Account 
13:51:24.799 [main] INFO  testCases.TC_002_Login - Clicked on Login 
13:51:24.878 [main] INFO  testCases.TC_002_Login - Provided Email 
13:51:24.943 [main] INFO  testCases.TC_002_Login - Provided Password 
13:51:25.923 [main] INFO  testCases.TC_002_Login - Clicked on Login
13:51:25.959 [main] INFO  testCases.TC_002_Login - Login Success 
13:51:25.959 [main] INFO  testCases.TC_002_Login -  Finished TC_002_Login 
08:05:40.197 [main] INFO  testCases.TC_001_AccountRegistration -  Starting TC_001_AccountRegistration 
08:05:41.360 [main] INFO  testCases.TC_001_AccountRegistration - Home Page Displayed 
08:05:41.895 [main] INFO  testCases.TC_001_AccountRegistration - Clicked on My Account 
08:05:42.553 [main] INFO  testCases.TC_001_AccountRegistration - Clicked on Register 
08:05:42.634 [main] INFO  testCases.TC_001_AccountRegistration - Provided First Name 
08:05:42.696 [main] INFO  testCases.TC_001_AccountRegistration - Provided Last Name 
08:05:42.763 [main] INFO  testCases.TC_001_AccountRegistration - Provided Email 
08:05:42.820 [main] INFO  testCases.TC_001_AccountRegistration - Provided Telephone 
08:05:42.880 [main] INFO  testCases.TC_001_AccountRegistration - Provided Password 
08:05:42.936 [main] INFO  testCases.TC_001_AccountRegistration - Provided Confrmed Password 
08:05:42.984 [main] INFO  testCases.TC_001_AccountRegistration - Set Privacy Policy 
08:05:43.934 [main] INFO  testCases.TC_001_AccountRegistration - Clicked on Continue 
08:05:43.974 [main] INFO  testCases.TC_001_AccountRegistration - Account Registration Success 
08:05:43.976 [main] INFO  testCases.TC_001_AccountRegistration -  Finished TC_001_AccountRegistration 
08:05:45.973 [main] INFO  testCases.TC_002_Login -  Starting TC_002_Login 
08:05:46.819 [main] INFO  testCases.TC_002_Login - Home Page Displayed 
08:05:47.507 [main] INFO  testCases.TC_002_Login - Clicked on My Account 
08:05:47.999 [main] INFO  testCases.TC_002_Login - Clicked on Login 
08:05:48.077 [main] INFO  testCases.TC_002_Login - Provided Email 
08:05:48.143 [main] INFO  testCases.TC_002_Login - Provided Password 
08:05:49.108 [main] INFO  testCases.TC_002_Login - Clicked on Login
08:05:49.152 [main] INFO  testCases.TC_002_Login - Login Success 
08:05:49.152 [main] INFO  testCases.TC_002_Login -  Finished TC_002_Login 
08:06:22.867 [main] INFO  testCases.TC_001_AccountRegistration -  Starting TC_001_AccountRegistration 
08:06:23.657 [main] INFO  testCases.TC_001_AccountRegistration - Home Page Displayed 
08:06:24.399 [main] INFO  testCases.TC_001_AccountRegistration - Clicked on My Account 
08:06:24.896 [main] INFO  testCases.TC_001_AccountRegistration - Clicked on Register 
08:06:24.965 [main] INFO  testCases.TC_001_AccountRegistration - Provided First Name 
08:06:25.027 [main] INFO  testCases.TC_001_AccountRegistration - Provided Last Name 
08:06:25.093 [main] INFO  testCases.TC_001_AccountRegistration - Provided Email 
08:06:25.150 [main] INFO  testCases.TC_001_AccountRegistration - Provided Telephone 
08:06:25.209 [main] INFO  testCases.TC_001_AccountRegistration - Provided Password 
08:06:25.264 [main] INFO  testCases.TC_001_AccountRegistration - Provided Confrmed Password 
08:06:25.311 [main] INFO  testCases.TC_001_AccountRegistration - Set Privacy Policy 
08:06:26.283 [main] INFO  testCases.TC_001_AccountRegistration - Clicked on Continue 
08:06:26.314 [main] INFO  testCases.TC_001_AccountRegistration - Account Registration Success 
08:06:26.316 [main] INFO  testCases.TC_001_AccountRegistration -  Finished TC_001_AccountRegistration 
08:06:28.299 [main] INFO  testCases.TC_002_Login -  Starting TC_002_Login 
08:06:29.081 [main] INFO  testCases.TC_002_Login - Home Page Displayed 
08:06:29.769 [main] INFO  testCases.TC_002_Login - Clicked on My Account 
08:06:30.240 [main] INFO  testCases.TC_002_Login - Clicked on Login 
08:06:30.319 [main] INFO  testCases.TC_002_Login - Provided Email 
08:06:30.383 [main] INFO  testCases.TC_002_Login - Provided Password 
08:06:31.365 [main] INFO  testCases.TC_002_Login - Clicked on Login
08:06:31.404 [main] INFO  testCases.TC_002_Login - Login Success 
08:06:31.404 [main] INFO  testCases.TC_002_Login -  Finished TC_002_Login 
